02:27:48.432 INFO [main] org.lenskit.cli.Main: Starting LensKit 3.0-M1 on Java 1.8.0_221 from Oracle Corporation
02:27:48.462 DEBUG [main] org.lenskit.LenskitInfo: have 5573 active revisions
02:27:48.470 DEBUG [main] org.lenskit.cli.Main: Built from Git revision c0210fa3281ef8b15b0959bcd5fced43c5fec38a
02:27:48.470 DEBUG [main] org.lenskit.cli.Main: Using VM 'Java HotSpot(TM) 64-Bit Server VM' version 25.221-b11 from Oracle Corporation
02:27:48.470 INFO [main] org.lenskit.cli.Main: Have 4 processors and heap limit of 1813 MiB
02:27:48.494 INFO [main] org.lenskit.cli.util.RecommenderLoader: creating fresh recommender
02:27:48.874 INFO [main] org.lenskit.config.ConfigurationLoader: loading script from file:/C:/Users/jeusl/git/cbf-assignment/etc/basic.groovy
02:27:49.567 DEBUG [main] org.lenskit.data.dao.file.TextEntitySource: loading source ratings with base URI file:/C:/Users/jeusl/git/cbf-assignment/data/movielens.yml
02:27:49.567 DEBUG [main] org.lenskit.data.dao.file.TextEntitySource: resolved file URI: file:/C:/Users/jeusl/git/cbf-assignment/data/ratings.csv
02:27:49.580 INFO [main] org.lenskit.data.dao.file.TextEntitySource: loading text file source ratings to read from file:/C:/Users/jeusl/git/cbf-assignment/data/ratings.csv
02:27:49.587 DEBUG [main] org.lenskit.data.dao.file.TextEntitySource: ratings: using delimiter ,
02:27:49.587 DEBUG [main] org.lenskit.data.dao.file.TextEntitySource: ratings: reading header
02:27:49.587 DEBUG [main] org.lenskit.data.dao.file.TextEntitySource: ratings: reading entities of type EntityType[rating]
02:27:49.632 DEBUG [main] org.lenskit.data.dao.file.TextEntitySource: class org.lenskit.data.ratings.RatingBuilder: using entity builder {}
02:27:49.632 DEBUG [main] org.lenskit.data.dao.file.TextEntitySource: loading source movies with base URI file:/C:/Users/jeusl/git/cbf-assignment/data/movielens.yml
02:27:49.632 DEBUG [main] org.lenskit.data.dao.file.TextEntitySource: resolved file URI: file:/C:/Users/jeusl/git/cbf-assignment/data/movies.csv
02:27:49.632 INFO [main] org.lenskit.data.dao.file.TextEntitySource: loading text file source movies to read from file:/C:/Users/jeusl/git/cbf-assignment/data/movies.csv
02:27:49.633 DEBUG [main] org.lenskit.data.dao.file.TextEntitySource: movies: using delimiter ,
02:27:49.633 DEBUG [main] org.lenskit.data.dao.file.TextEntitySource: movies: reading header
02:27:49.633 DEBUG [main] org.lenskit.data.dao.file.TextEntitySource: movies: reading entities of type EntityType[item]
02:27:49.633 DEBUG [main] org.lenskit.data.dao.file.TextEntitySource: class org.lenskit.data.entities.BasicEntityBuilder: using entity builder {}
02:27:49.633 DEBUG [main] org.lenskit.data.dao.file.TextEntitySource: loading source tags with base URI file:/C:/Users/jeusl/git/cbf-assignment/data/movielens.yml
02:27:49.633 DEBUG [main] org.lenskit.data.dao.file.TextEntitySource: resolved file URI: file:/C:/Users/jeusl/git/cbf-assignment/data/tags.csv
02:27:49.633 INFO [main] org.lenskit.data.dao.file.TextEntitySource: loading text file source tags to read from file:/C:/Users/jeusl/git/cbf-assignment/data/tags.csv
02:27:49.633 DEBUG [main] org.lenskit.data.dao.file.TextEntitySource: tags: using delimiter ,
02:27:49.633 DEBUG [main] org.lenskit.data.dao.file.TextEntitySource: tags: reading header
02:27:49.634 DEBUG [main] org.lenskit.data.dao.file.TextEntitySource: tags: reading entities of type EntityType[item-tag]
02:27:49.637 DEBUG [main] org.lenskit.data.dao.file.TextEntitySource: class org.lenskit.data.entities.BasicEntityBuilder: using entity builder {}
02:27:49.644 DEBUG [main] org.lenskit.LenskitRecommenderEngineBuilder: building graph from 3 configurations
02:27:49.725 DEBUG [main] org.lenskit.inject.RecommenderInstantiator: replacing nodes in graph with 14 nodes
02:27:49.733 DEBUG [main] org.lenskit.inject.RecommenderInstantiator: found 4 shared nodes
02:27:51.466 INFO [main] org.lenskit.data.dao.file.StaticDataSource: deriving entity type EntityType[user] from EntityType[rating] (column TypedName[user: long])
02:27:51.598 INFO [main] org.lenskit.data.dao.file.StaticDataSource: deriving entity type EntityType[item] from EntityType[rating] (column TypedName[item: long])
02:27:51.658 INFO [main] org.lenskit.data.dao.file.StaticDataSource: deriving entity type EntityType[user] from EntityType[item-tag] (column TypedName[user: long])
02:27:51.692 INFO [main] org.lenskit.data.dao.file.StaticDataSource: deriving entity type EntityType[item] from EntityType[item-tag] (column TypedName[item: long])
02:27:51.713 DEBUG [main] org.lenskit.data.entities.EntityCollectionBuilder: built collection of 2500 entities with type EntityType[item] and 2 indexes
02:27:51.741 DEBUG [main] org.lenskit.data.entities.EntityCollectionBuilder: built collection of 264505 entities with type EntityType[rating] and 2 indexes
02:27:51.752 DEBUG [main] org.lenskit.data.entities.EntityCollectionBuilder: built collection of 94875 entities with type EntityType[item-tag] and 2 indexes
02:27:51.753 DEBUG [main] org.lenskit.data.entities.EntityCollectionBuilder: built collection of 862 entities with type EntityType[user] and 2 indexes
02:27:51.760 INFO [main] org.lenskit.mooc.cbf.TFIDFModelProvider: Building TF-IDF model
02:27:51.866 INFO [main] org.lenskit.mooc.cbf.TFIDFModelProvider: Computed TF vectors for 2500 items
02:27:51.916 DEBUG [main] org.lenskit.inject.RecommenderInstantiator: final graph has 14 nodes
02:27:51.919 INFO [main] org.lenskit.cli.util.RecommenderLoader: built recommender in 2.276 s
02:27:51.930 INFO [main] org.lenskit.cli.commands.Recommend: recommending for 1 users
02:27:51.946 DEBUG [main] org.lenskit.basic.TopNItemRecommender: computing effective candidates for user 320 from 2500 candidates and 62 excluded items
02:27:51.950 DEBUG [main] org.lenskit.basic.TopNItemRecommender: Computing 10 recommendations for user 320 from 2438 candidates
02:27:52.162 INFO [main] org.lenskit.cli.commands.Recommend: recommended for 1 users in 231.0 ms
02:27:52.162 INFO [main] org.lenskit.cli.Main: If you use LensKit in published research, please see http://lenskit.org/research/
